2024-01-20T13:30:51: 
2024-01-20T13:30:51:    INFO  Server running on [http://0.0.0.0:3333].  
2024-01-20T13:30:51: 
2024-01-20T13:30:51:   Press Ctrl+C to stop the server
2024-01-20T13:30:51: 
2024-01-20T13:31:26:    WARN  ^C.  
2024-01-20T13:31:26: 
2024-01-20T13:35:32: 
2024-01-20T13:35:32:    INFO  Server running on [http://localhost:8000].  
2024-01-20T13:35:32: 
2024-01-20T13:35:32:   Press Ctrl+C to stop the server
2024-01-20T13:35:32: 
2024-01-20T13:35:39:    WARN  ^C.  
2024-01-20T13:35:39: 
2024-01-20T13:36:50: 
2024-01-20T13:36:50:    INFO  Server running on [http://localhost:8000].  
2024-01-20T13:36:50: 
2024-01-20T13:36:50:   Press Ctrl+C to stop the server
2024-01-20T13:36:50: 
2024-01-20T13:36:56:    WARN  ^C.  
2024-01-20T13:36:56: 
