2024-01-20T13:47:46: 
2024-01-20T13:47:46:    INFO  Server running on [http://localhost:8000].  
2024-01-20T13:47:46: 
2024-01-20T13:47:46:   Press Ctrl+C to stop the server
2024-01-20T13:47:46: 
2024-01-20T13:47:52:    WARN  ^C.  
2024-01-20T13:47:52: 
2024-01-20T13:49:48: 
2024-01-20T13:49:48:    INFO  Server running on [http://127.0.0.1:8000].  
2024-01-20T13:49:48: 
2024-01-20T13:49:48:   Press Ctrl+C to stop the server
2024-01-20T13:49:48: 
2024-01-20T13:49:56:    WARN  ^C.  
2024-01-20T13:49:56: 
2024-01-20T13:50:19: 
2024-01-20T13:50:19:    INFO  Server running on [http://127.0.0.1:8000].  
2024-01-20T13:50:19: 
2024-01-20T13:50:19:   Press Ctrl+C to stop the server
2024-01-20T13:50:19: 
2024-01-20T13:50:41:   2024-01-20 13:50:40
2024-01-20T13:50:41:  ...........................................................................................
2024-01-20T13:50:41:  ~ 0s
2024-01-20T13:50:41:   2024-01-20 13:50:40 /favicon.ico
2024-01-20T13:50:41:  ..............................................................................
2024-01-20T13:50:41:  ~ 0s
2024-01-20T13:51:42:   2024-01-20 13:50:40
2024-01-20T13:51:42:  ..........................................................................................
2024-01-20T13:51:42:  ~ 61s
2024-01-20T13:53:04: 
2024-01-20T13:53:04:    INFO  Server running on [http://127.0.0.1:8000].  
2024-01-20T13:53:04: 
2024-01-20T13:53:04:   Press Ctrl+C to stop the server
2024-01-20T13:53:04: 
2024-01-20T13:53:37: 
2024-01-20T13:53:37:    INFO  Server running on [http://127.0.0.1:8000].  
2024-01-20T13:53:37: 
2024-01-20T13:53:37:   Press Ctrl+C to stop the server
2024-01-20T13:53:37: 
2024-01-20T13:56:21: 
2024-01-20T13:56:21:    INFO  Server running on [http://127.0.0.1:8000].  
2024-01-20T13:56:21: 
2024-01-20T13:56:21:   Press Ctrl+C to stop the server
2024-01-20T13:56:21: 
2024-01-20T13:56:41:   2024-01-20 13:56:40
2024-01-20T13:56:41:  ...........................................................................................
2024-01-20T13:56:41:  ~ 1s
2024-01-20T13:56:41:   2024-01-20 13:56:40 /build/assets/app-hi-j4SiC.css
2024-01-20T13:56:41:  ............................................................
2024-01-20T13:56:41:  ~ 1s
2024-01-20T13:56:41:  ..................................................
2024-01-20T13:56:41:  ~ 0s
2024-01-20T13:56:41:   2024-01-20 13:56:41
2024-01-20T13:56:41:  /build/assets/app-Fic7IKVK.js
2024-01-20T13:56:41:  .............................................................
2024-01-20T13:56:41:  ~ 0s
2024-01-20T13:56:41:  ...........................................................
2024-01-20T13:56:41:  ~ 0s
2024-01-20T13:56:42:   2024-01-20 13:56:41
2024-01-20T13:56:42:  /favicon.ico ..............................................................................
2024-01-20T13:56:42:  ~ 0s
2024-01-20T13:56:51:   2024-01-20 13:56:41
2024-01-20T13:56:51:  ..........................................................................................
2024-01-20T13:56:51:  ~ 10s
2024-01-20T13:56:51:   2024-01-20 13:56:51 /build/assets/app-hi-j4SiC.css
2024-01-20T13:56:51:  ............................................................
2024-01-20T13:56:51:  ~ 0s
2024-01-20T13:56:52:   2024-01-20 13:56:52
2024-01-20T13:56:52:  /build/assets/app-Fic7IKVK.js
2024-01-20T13:56:52:  ............................................................. ~ 0s
2024-01-20T13:56:52:  ........................................................... ~ 0s
2024-01-20T13:56:52:  /favicon.ico ..............................................................................
2024-01-20T13:56:52:  ~ 0s
2024-01-20T13:57:57:   2024-01-20 13:56:52
2024-01-20T13:57:57:  ..........................................................................................
2024-01-20T13:57:57:  ~ 65s
2024-01-20T19:51:45: 
2024-01-20T19:51:45:    INFO  Server running on [http://127.0.0.1:8000].  
2024-01-20T19:51:45: 
2024-01-20T19:51:45:   Press Ctrl+C to stop the server
2024-01-20T19:51:45: 
2024-01-20T19:53:38: 
2024-01-20T19:53:38:    INFO  Server running on [http://127.0.0.1:8000].  
2024-01-20T19:53:38: 
2024-01-20T19:53:38:   Press Ctrl+C to stop the server
2024-01-20T19:53:38: 
2024-01-20T19:54:07:    WARN  ^C.  
2024-01-20T19:54:07: 
2024-01-20T19:54:53: 
2024-01-20T19:54:53:    INFO  Server running on [http://127.0.0.1:8000].  
2024-01-20T19:54:53: 
2024-01-20T19:54:53:   Press Ctrl+C to stop the server
2024-01-20T19:54:53: 
2024-01-20T19:55:03:    WARN  ^C.  
2024-01-20T19:55:03: 
2024-01-20T19:55:09:    WARN  ^C.  
2024-01-20T19:55:09: 
